<?xml version="1.0" encoding="UTF-8"?>
<testng-results ignored="0" total="1" passed="1" failed="0" skipped="0">
  <reporter-output>
  </reporter-output>
  <suite started-at="2023-12-18T10:22:26 IST" name="Default suite" finished-at="2023-12-18T10:23:04 IST" duration-ms="37845">
    <groups>
    </groups>
    <test started-at="2023-12-18T10:22:26 IST" name="Default test" finished-at="2023-12-18T10:23:04 IST" duration-ms="37845">
      <class name="tests.DatePickerTest">
        <test-method is-config="true" signature="launch_browser()[pri:0, instance:tests.DatePickerTest@25641d39]" started-at="2023-12-18T10:22:26 IST" name="launch_browser" finished-at="2023-12-18T10:22:40 IST" duration-ms="14048" status="PASS">
          <reporter-output>
          </reporter-output>
        </test-method> <!-- launch_browser -->
        <test-method signature="open_datepickerPage()[pri:0, instance:tests.DatePickerTest@25641d39]" started-at="2023-12-18T10:22:40 IST" name="open_datepickerPage" finished-at="2023-12-18T10:23:04 IST" duration-ms="23598" status="PASS">
          <reporter-output>
          </reporter-output>
        </test-method> <!-- open_datepickerPage -->
      </class> <!-- tests.DatePickerTest -->
    </test> <!-- Default test -->
  </suite> <!-- Default suite -->
</testng-results>
